<?xml version="1.0" encoding="UTF-8"?>
<testsuite xmlns:xsi="http://www.w3.org/2001/XMLSchema-instance" xsi:noNamespaceSchemaLocation="https://maven.apache.org/surefire/maven-surefire-plugin/xsd/surefire-test-report.xsd" name="com.app.service2.impl.test.AppServiceImplTest" time="0.005" tests="3" errors="0" skipped="0" failures="2">
  <properties>
[...]
</properties>
  <testcase name="testIsValidPrimeNumberforTrue" classname="com.app.service2.impl.test.AppServiceImplTest" time="0.002">
    <failure message="expected: &lt;true&gt; but was: &lt;false&gt;" type="org.opentest4j.AssertionFailedError"><![CDATA[org.opentest4j.AssertionFailedError: expected: <true> but was: <false>
	at com.app.service2.impl.test.AppServiceImplTest.testIsValidPrimeNumberforTrue(AppServiceImplTest.java:22)
]]></failure>
  </testcase>
  <testcase name="testIsValidPrimeNumberforFalse" classname="com.app.service2.impl.test.AppServiceImplTest" time="0.001"/>
  <testcase name="testIsValidMobileNumber" classname="com.app.service2.impl.test.AppServiceImplTest" time="0.001">
    <failure message="Not yet implemented" type="org.opentest4j.AssertionFailedError">org.opentest4j.AssertionFailedError: Not yet implemented
	at com.app.service2.impl.test.AppServiceImplTest.testIsValidMobileNumber(AppServiceImplTest.java:32)
</failure>
  </testcase>
</testsuite>